{"contracts/BLC_Token.sol":{"l":{"28":3,"29":3,"33":10,"34":8,"41":7,"42":7,"43":7,"47":1,"48":1},"path":"/var/www/html/My-Learning-Projects/If-else-tokenomics/contracts/BLC_Token.sol","s":{"1":3,"2":10,"3":7,"4":1},"b":{"1":[8,2],"2":[7,1],"3":[1,1]},"f":{"1":3,"2":10,"3":7,"4":1},"fnMap":{"1":{"name":"constructor","line":27,"loc":{"start":{"line":27,"column":4},"end":{"line":30,"column":4}}},"2":{"name":"onlyOwner","line":32,"loc":{"start":{"line":32,"column":4},"end":{"line":35,"column":4}}},"3":{"name":"addContracts","line":39,"loc":{"start":{"line":37,"column":4},"end":{"line":44,"column":4}}},"4":{"name":"transferOwnerShip","line":46,"loc":{"start":{"line":46,"column":4},"end":{"line":49,"column":4}}}},"statementMap":{"1":{"start":{"line":29,"column":8},"end":{"line":29,"column":31}},"2":{"start":{"line":33,"column":8},"end":{"line":33,"column":35}},"3":{"start":{"line":43,"column":8},"end":{"line":43,"column":40}},"4":{"start":{"line":48,"column":8},"end":{"line":48,"column":65}}},"branchMap":{"1":{"line":33,"type":"if","locations":[{"start":{"line":33,"column":8},"end":{"line":33,"column":8}},{"start":{"line":33,"column":8},"end":{"line":33,"column":8}}]},"2":{"line":39,"type":"if","locations":[{"start":{"line":39,"column":8},"end":{"line":39,"column":8}},{"start":{"line":39,"column":8},"end":{"line":39,"column":8}}]},"3":{"line":46,"type":"if","locations":[{"start":{"line":46,"column":57},"end":{"line":46,"column":57}},{"start":{"line":46,"column":57},"end":{"line":46,"column":57}}]}}},"contracts/Community.sol":{"l":{"66":3,"67":3,"68":3,"71":3,"80":3,"81":3,"84":3,"90":3,"96":3,"105":19,"106":17,"111":11,"115":11,"116":11,"121":3,"122":3,"123":3,"126":3,"127":3,"128":2,"129":2,"138":90,"140":85,"146":84,"155":84,"156":84,"157":84,"158":84,"163":90,"164":90,"165":90,"166":90,"167":90,"168":90,"171":90,"172":87,"175":85,"176":85,"179":85,"180":85,"183":85,"185":82,"196":82,"197":82,"198":82,"200":82,"202":79,"204":79,"205":79,"206":79,"209":79,"210":3,"211":3,"213":79,"215":3,"216":3,"217":3,"220":82,"221":82,"222":82,"226":1,"227":1,"228":1,"229":1,"233":1,"237":1},"path":"/var/www/html/My-Learning-Projects/If-else-tokenomics/contracts/Community.sol","s":{"1":3,"2":19,"3":11,"4":3,"5":3,"6":3,"7":3,"8":3,"9":90,"10":85,"11":84,"12":84,"13":84,"14":90,"15":90,"16":90,"17":90,"18":90,"19":90,"20":90,"21":87,"22":85,"23":85,"24":85,"25":85,"26":85,"27":82,"28":82,"29":82,"30":82,"31":82,"32":79,"33":79,"34":79,"35":1,"36":1,"37":1,"38":1,"39":1},"b":{"1":[17,2],"2":[11,1],"3":[11,0],"4":[3,1],"5":[2,1],"6":[84,1],"7":[87,3],"8":[85,2],"9":[85,0],"10":[82,3],"11":[79,3],"12":[6,73],"13":[3,76],"14":[1,0],"15":[1,0],"16":[1,0]},"f":{"1":3,"2":19,"3":11,"4":3,"5":90,"6":84,"7":90,"8":82,"9":1,"10":1,"11":1},"fnMap":{"1":{"name":"constructor","line":65,"loc":{"start":{"line":65,"column":4},"end":{"line":102,"column":4}}},"2":{"name":"onlyOwner","line":104,"loc":{"start":{"line":104,"column":4},"end":{"line":107,"column":4}}},"3":{"name":"startTime","line":110,"loc":{"start":{"line":110,"column":4},"end":{"line":117,"column":4}}},"4":{"name":"endTime","line":120,"loc":{"start":{"line":120,"column":4},"end":{"line":130,"column":4}}},"5":{"name":"transferToken","line":133,"loc":{"start":{"line":133,"column":4},"end":{"line":147,"column":4}}},"6":{"name":"_sendToken","line":150,"loc":{"start":{"line":150,"column":4},"end":{"line":159,"column":4}}},"7":{"name":"checkCliff","line":162,"loc":{"start":{"line":162,"column":4},"end":{"line":187,"column":4}}},"8":{"name":"_unlockToken","line":190,"loc":{"start":{"line":190,"column":4},"end":{"line":223,"column":4}}},"9":{"name":"transferOwnerShip","line":225,"loc":{"start":{"line":225,"column":4},"end":{"line":230,"column":4}}},"10":{"name":"addAdmins","line":232,"loc":{"start":{"line":232,"column":4},"end":{"line":234,"column":4}}},"11":{"name":"withdrawalToken","line":236,"loc":{"start":{"line":236,"column":4},"end":{"line":238,"column":4}}}},"statementMap":{"1":{"start":{"line":67,"column":8},"end":{"line":67,"column":41}},"2":{"start":{"line":105,"column":8},"end":{"line":105,"column":69}},"3":{"start":{"line":111,"column":8},"end":{"line":111,"column":3448}},"4":{"start":{"line":121,"column":8},"end":{"line":121,"column":50}},"5":{"start":{"line":122,"column":8},"end":{"line":122,"column":52}},"6":{"start":{"line":123,"column":8},"end":{"line":123,"column":58}},"7":{"start":{"line":126,"column":8},"end":{"line":126,"column":74}},"8":{"start":{"line":127,"column":8},"end":{"line":127,"column":72}},"9":{"start":{"line":138,"column":8},"end":{"line":138,"column":25}},"10":{"start":{"line":140,"column":8},"end":{"line":140,"column":4588}},"11":{"start":{"line":146,"column":8},"end":{"line":146,"column":39}},"12":{"start":{"line":157,"column":8},"end":{"line":157,"column":40}},"13":{"start":{"line":158,"column":8},"end":{"line":158,"column":54}},"14":{"start":{"line":163,"column":8},"end":{"line":163,"column":50}},"15":{"start":{"line":164,"column":8},"end":{"line":164,"column":52}},"16":{"start":{"line":165,"column":8},"end":{"line":165,"column":58}},"17":{"start":{"line":166,"column":8},"end":{"line":166,"column":57}},"18":{"start":{"line":167,"column":8},"end":{"line":167,"column":53}},"19":{"start":{"line":168,"column":8},"end":{"line":168,"column":47}},"20":{"start":{"line":171,"column":8},"end":{"line":171,"column":53}},"21":{"start":{"line":172,"column":8},"end":{"line":172,"column":49}},"22":{"start":{"line":175,"column":8},"end":{"line":175,"column":63}},"23":{"start":{"line":176,"column":8},"end":{"line":176,"column":69}},"24":{"start":{"line":179,"column":8},"end":{"line":179,"column":68}},"25":{"start":{"line":180,"column":8},"end":{"line":180,"column":59}},"26":{"start":{"line":183,"column":8},"end":{"line":183,"column":6169}},"27":{"start":{"line":185,"column":12},"end":{"line":185,"column":68}},"28":{"start":{"line":196,"column":8},"end":{"line":196,"column":64}},"29":{"start":{"line":197,"column":8},"end":{"line":197,"column":64}},"30":{"start":{"line":198,"column":8},"end":{"line":198,"column":58}},"31":{"start":{"line":200,"column":8},"end":{"line":200,"column":6831}},"32":{"start":{"line":202,"column":12},"end":{"line":202,"column":68}},"33":{"start":{"line":204,"column":12},"end":{"line":204,"column":63}},"34":{"start":{"line":209,"column":12},"end":{"line":209,"column":7289}},"35":{"start":{"line":227,"column":8},"end":{"line":227,"column":40}},"36":{"start":{"line":228,"column":8},"end":{"line":228,"column":42}},"37":{"start":{"line":229,"column":8},"end":{"line":229,"column":53}},"38":{"start":{"line":233,"column":8},"end":{"line":233,"column":39}},"39":{"start":{"line":237,"column":8},"end":{"line":237,"column":45}}},"branchMap":{"1":{"line":105,"type":"if","locations":[{"start":{"line":105,"column":8},"end":{"line":105,"column":8}},{"start":{"line":105,"column":8},"end":{"line":105,"column":8}}]},"2":{"line":110,"type":"if","locations":[{"start":{"line":110,"column":48},"end":{"line":110,"column":48}},{"start":{"line":110,"column":48},"end":{"line":110,"column":48}}]},"3":{"line":111,"type":"if","locations":[{"start":{"line":111,"column":8},"end":{"line":111,"column":8}},{"start":{"line":111,"column":8},"end":{"line":111,"column":8}}]},"4":{"line":120,"type":"if","locations":[{"start":{"line":120,"column":46},"end":{"line":120,"column":46}},{"start":{"line":120,"column":46},"end":{"line":120,"column":46}}]},"5":{"line":127,"type":"if","locations":[{"start":{"line":127,"column":8},"end":{"line":127,"column":8}},{"start":{"line":127,"column":8},"end":{"line":127,"column":8}}]},"6":{"line":140,"type":"if","locations":[{"start":{"line":140,"column":8},"end":{"line":140,"column":8}},{"start":{"line":140,"column":8},"end":{"line":140,"column":8}}]},"7":{"line":171,"type":"if","locations":[{"start":{"line":171,"column":8},"end":{"line":171,"column":8}},{"start":{"line":171,"column":8},"end":{"line":171,"column":8}}]},"8":{"line":172,"type":"if","locations":[{"start":{"line":172,"column":8},"end":{"line":172,"column":8}},{"start":{"line":172,"column":8},"end":{"line":172,"column":8}}]},"9":{"line":176,"type":"if","locations":[{"start":{"line":176,"column":8},"end":{"line":176,"column":8}},{"start":{"line":176,"column":8},"end":{"line":176,"column":8}}]},"10":{"line":183,"type":"if","locations":[{"start":{"line":183,"column":8},"end":{"line":183,"column":8}},{"start":{"line":183,"column":8},"end":{"line":183,"column":8}}]},"11":{"line":200,"type":"if","locations":[{"start":{"line":200,"column":8},"end":{"line":200,"column":8}},{"start":{"line":200,"column":8},"end":{"line":200,"column":8}}]},"12":{"line":202,"type":"if","locations":[{"start":{"line":202,"column":48},"end":{"line":202,"column":48}},{"start":{"line":202,"column":52},"end":{"line":202,"column":67}}]},"13":{"line":209,"type":"if","locations":[{"start":{"line":209,"column":12},"end":{"line":209,"column":12}},{"start":{"line":209,"column":12},"end":{"line":209,"column":12}}]},"14":{"line":225,"type":"if","locations":[{"start":{"line":225,"column":59},"end":{"line":225,"column":59}},{"start":{"line":225,"column":59},"end":{"line":225,"column":59}}]},"15":{"line":232,"type":"if","locations":[{"start":{"line":232,"column":50},"end":{"line":232,"column":50}},{"start":{"line":232,"column":50},"end":{"line":232,"column":50}}]},"16":{"line":236,"type":"if","locations":[{"start":{"line":236,"column":54},"end":{"line":236,"column":54}},{"start":{"line":236,"column":54},"end":{"line":236,"column":54}}]}}},"contracts/Iblc_token.sol":{"l":{},"path":"/var/www/html/My-Learning-Projects/If-else-tokenomics/contracts/Iblc_token.sol","s":{},"b":{},"f":{},"fnMap":{},"statementMap":{},"branchMap":{}},"contracts/Private_sale.sol":{"l":{"65":3,"66":3,"67":3,"71":3,"72":3,"73":3,"76":3,"82":3,"88":3,"97":19,"98":17,"102":38,"106":37,"111":11,"112":11,"113":11,"118":3,"119":3,"120":3,"123":3,"124":3,"125":2,"126":2,"135":37,"137":32,"143":31,"152":31,"153":31,"154":31,"155":31,"160":37,"161":37,"162":37,"163":37,"164":37,"165":37,"168":37,"169":35,"172":33,"173":33,"176":32,"177":32,"180":32,"182":26,"193":26,"194":26,"195":26,"197":26,"199":22,"201":22,"202":22,"203":22,"206":22,"207":4,"208":4,"210":22,"212":4,"213":4,"214":4,"217":26,"218":26,"219":26,"223":1,"224":1,"225":1,"226":1,"230":1,"234":1},"path":"/var/www/html/My-Learning-Projects/If-else-tokenomics/contracts/Private_sale.sol","s":{"1":3,"2":19,"3":38,"4":11,"5":3,"6":3,"7":3,"8":3,"9":3,"10":37,"11":32,"12":31,"13":31,"14":31,"15":37,"16":37,"17":37,"18":37,"19":37,"20":37,"21":37,"22":35,"23":33,"24":33,"25":32,"26":32,"27":32,"28":26,"29":26,"30":26,"31":26,"32":26,"33":22,"34":22,"35":22,"36":1,"37":1,"38":1,"39":1,"40":1},"b":{"1":[17,2],"2":[37,1],"3":[11,1],"4":[11,0],"5":[3,1],"6":[2,1],"7":[37,1],"8":[31,1],"9":[35,2],"10":[33,2],"11":[32,1],"12":[26,6],"13":[22,4],"14":[4,18],"15":[4,18],"16":[1,0],"17":[1,0],"18":[1,0]},"f":{"1":3,"2":19,"3":38,"4":11,"5":3,"6":37,"7":31,"8":37,"9":26,"10":1,"11":1,"12":1},"fnMap":{"1":{"name":"constructor","line":64,"loc":{"start":{"line":64,"column":4},"end":{"line":94,"column":4}}},"2":{"name":"onlyOwner","line":96,"loc":{"start":{"line":96,"column":4},"end":{"line":99,"column":4}}},"3":{"name":"onlyAdmin","line":101,"loc":{"start":{"line":101,"column":4},"end":{"line":107,"column":4}}},"4":{"name":"startTime","line":110,"loc":{"start":{"line":110,"column":4},"end":{"line":114,"column":4}}},"5":{"name":"endTime","line":117,"loc":{"start":{"line":117,"column":4},"end":{"line":127,"column":4}}},"6":{"name":"transferToken","line":134,"loc":{"start":{"line":130,"column":4},"end":{"line":144,"column":4}}},"7":{"name":"_sendToken","line":147,"loc":{"start":{"line":147,"column":4},"end":{"line":156,"column":4}}},"8":{"name":"checkCliff","line":159,"loc":{"start":{"line":159,"column":4},"end":{"line":184,"column":4}}},"9":{"name":"_unlockToken","line":187,"loc":{"start":{"line":187,"column":4},"end":{"line":220,"column":4}}},"10":{"name":"transferOwnerShip","line":222,"loc":{"start":{"line":222,"column":4},"end":{"line":227,"column":4}}},"11":{"name":"addAdmins","line":229,"loc":{"start":{"line":229,"column":4},"end":{"line":231,"column":4}}},"12":{"name":"withdrawalToken","line":233,"loc":{"start":{"line":233,"column":4},"end":{"line":235,"column":4}}}},"statementMap":{"1":{"start":{"line":66,"column":8},"end":{"line":66,"column":41}},"2":{"start":{"line":97,"column":8},"end":{"line":97,"column":69}},"3":{"start":{"line":102,"column":8},"end":{"line":102,"column":3196}},"4":{"start":{"line":111,"column":8},"end":{"line":111,"column":77}},"5":{"start":{"line":118,"column":8},"end":{"line":118,"column":48}},"6":{"start":{"line":119,"column":8},"end":{"line":119,"column":50}},"7":{"start":{"line":120,"column":8},"end":{"line":120,"column":56}},"8":{"start":{"line":123,"column":8},"end":{"line":123,"column":74}},"9":{"start":{"line":124,"column":8},"end":{"line":124,"column":72}},"10":{"start":{"line":135,"column":8},"end":{"line":135,"column":25}},"11":{"start":{"line":137,"column":8},"end":{"line":137,"column":4535}},"12":{"start":{"line":143,"column":8},"end":{"line":143,"column":39}},"13":{"start":{"line":154,"column":8},"end":{"line":154,"column":40}},"14":{"start":{"line":155,"column":8},"end":{"line":155,"column":54}},"15":{"start":{"line":160,"column":8},"end":{"line":160,"column":48}},"16":{"start":{"line":161,"column":8},"end":{"line":161,"column":50}},"17":{"start":{"line":162,"column":8},"end":{"line":162,"column":56}},"18":{"start":{"line":163,"column":8},"end":{"line":163,"column":55}},"19":{"start":{"line":164,"column":8},"end":{"line":164,"column":51}},"20":{"start":{"line":165,"column":8},"end":{"line":165,"column":47}},"21":{"start":{"line":168,"column":8},"end":{"line":168,"column":45}},"22":{"start":{"line":169,"column":8},"end":{"line":169,"column":41}},"23":{"start":{"line":172,"column":8},"end":{"line":172,"column":63}},"24":{"start":{"line":173,"column":8},"end":{"line":173,"column":69}},"25":{"start":{"line":176,"column":8},"end":{"line":176,"column":68}},"26":{"start":{"line":177,"column":8},"end":{"line":177,"column":59}},"27":{"start":{"line":180,"column":8},"end":{"line":180,"column":6054}},"28":{"start":{"line":182,"column":12},"end":{"line":182,"column":68}},"29":{"start":{"line":193,"column":8},"end":{"line":193,"column":64}},"30":{"start":{"line":194,"column":8},"end":{"line":194,"column":64}},"31":{"start":{"line":195,"column":8},"end":{"line":195,"column":58}},"32":{"start":{"line":197,"column":8},"end":{"line":197,"column":6716}},"33":{"start":{"line":199,"column":12},"end":{"line":199,"column":68}},"34":{"start":{"line":201,"column":12},"end":{"line":201,"column":63}},"35":{"start":{"line":206,"column":12},"end":{"line":206,"column":7174}},"36":{"start":{"line":224,"column":8},"end":{"line":224,"column":40}},"37":{"start":{"line":225,"column":8},"end":{"line":225,"column":42}},"38":{"start":{"line":226,"column":8},"end":{"line":226,"column":53}},"39":{"start":{"line":230,"column":8},"end":{"line":230,"column":39}},"40":{"start":{"line":234,"column":8},"end":{"line":234,"column":45}}},"branchMap":{"1":{"line":97,"type":"if","locations":[{"start":{"line":97,"column":8},"end":{"line":97,"column":8}},{"start":{"line":97,"column":8},"end":{"line":97,"column":8}}]},"2":{"line":102,"type":"if","locations":[{"start":{"line":102,"column":8},"end":{"line":102,"column":8}},{"start":{"line":102,"column":8},"end":{"line":102,"column":8}}]},"3":{"line":110,"type":"if","locations":[{"start":{"line":110,"column":48},"end":{"line":110,"column":48}},{"start":{"line":110,"column":48},"end":{"line":110,"column":48}}]},"4":{"line":111,"type":"if","locations":[{"start":{"line":111,"column":8},"end":{"line":111,"column":8}},{"start":{"line":111,"column":8},"end":{"line":111,"column":8}}]},"5":{"line":117,"type":"if","locations":[{"start":{"line":117,"column":46},"end":{"line":117,"column":46}},{"start":{"line":117,"column":46},"end":{"line":117,"column":46}}]},"6":{"line":124,"type":"if","locations":[{"start":{"line":124,"column":8},"end":{"line":124,"column":8}},{"start":{"line":124,"column":8},"end":{"line":124,"column":8}}]},"7":{"line":134,"type":"if","locations":[{"start":{"line":134,"column":13},"end":{"line":134,"column":13}},{"start":{"line":134,"column":13},"end":{"line":134,"column":13}}]},"8":{"line":137,"type":"if","locations":[{"start":{"line":137,"column":8},"end":{"line":137,"column":8}},{"start":{"line":137,"column":8},"end":{"line":137,"column":8}}]},"9":{"line":168,"type":"if","locations":[{"start":{"line":168,"column":8},"end":{"line":168,"column":8}},{"start":{"line":168,"column":8},"end":{"line":168,"column":8}}]},"10":{"line":169,"type":"if","locations":[{"start":{"line":169,"column":8},"end":{"line":169,"column":8}},{"start":{"line":169,"column":8},"end":{"line":169,"column":8}}]},"11":{"line":173,"type":"if","locations":[{"start":{"line":173,"column":8},"end":{"line":173,"column":8}},{"start":{"line":173,"column":8},"end":{"line":173,"column":8}}]},"12":{"line":180,"type":"if","locations":[{"start":{"line":180,"column":8},"end":{"line":180,"column":8}},{"start":{"line":180,"column":8},"end":{"line":180,"column":8}}]},"13":{"line":197,"type":"if","locations":[{"start":{"line":197,"column":8},"end":{"line":197,"column":8}},{"start":{"line":197,"column":8},"end":{"line":197,"column":8}}]},"14":{"line":199,"type":"if","locations":[{"start":{"line":199,"column":48},"end":{"line":199,"column":48}},{"start":{"line":199,"column":52},"end":{"line":199,"column":67}}]},"15":{"line":206,"type":"if","locations":[{"start":{"line":206,"column":12},"end":{"line":206,"column":12}},{"start":{"line":206,"column":12},"end":{"line":206,"column":12}}]},"16":{"line":222,"type":"if","locations":[{"start":{"line":222,"column":59},"end":{"line":222,"column":59}},{"start":{"line":222,"column":59},"end":{"line":222,"column":59}}]},"17":{"line":229,"type":"if","locations":[{"start":{"line":229,"column":50},"end":{"line":229,"column":50}},{"start":{"line":229,"column":50},"end":{"line":229,"column":50}}]},"18":{"line":233,"type":"if","locations":[{"start":{"line":233,"column":54},"end":{"line":233,"column":54}},{"start":{"line":233,"column":54},"end":{"line":233,"column":54}}]}}},"contracts/Rewards.sol":{"l":{"65":3,"66":3,"67":3,"70":3,"71":3,"72":3,"83":3,"89":3,"96":3,"105":19,"106":17,"111":11,"115":11,"116":11,"121":3,"122":3,"123":3,"126":3,"127":3,"128":2,"129":2,"138":83,"140":78,"146":77,"155":77,"156":77,"157":77,"158":77,"163":83,"164":83,"165":83,"166":83,"167":83,"168":83,"171":83,"172":80,"175":78,"176":78,"179":78,"180":78,"183":78,"185":73,"196":73,"197":73,"198":73,"200":73,"202":65,"204":65,"205":65,"206":65,"208":65,"210":8,"211":8,"212":8,"215":73,"216":73,"217":73,"221":1,"222":1,"223":1,"224":1,"228":1,"232":1},"path":"/var/www/html/My-Learning-Projects/If-else-tokenomics/contracts/Rewards.sol","s":{"1":3,"2":19,"3":11,"4":3,"5":3,"6":3,"7":3,"8":3,"9":83,"10":78,"11":77,"12":77,"13":77,"14":83,"15":83,"16":83,"17":83,"18":83,"19":83,"20":83,"21":80,"22":78,"23":78,"24":78,"25":78,"26":78,"27":73,"28":73,"29":73,"30":73,"31":73,"32":65,"33":65,"34":1,"35":1,"36":1,"37":1,"38":1},"b":{"1":[17,2],"2":[11,1],"3":[11,0],"4":[3,1],"5":[2,1],"6":[77,1],"7":[80,3],"8":[78,2],"9":[78,0],"10":[73,5],"11":[65,8],"12":[3,62],"13":[1,0],"14":[1,0],"15":[1,0]},"f":{"1":3,"2":19,"3":11,"4":3,"5":83,"6":77,"7":83,"8":73,"9":1,"10":1,"11":1},"fnMap":{"1":{"name":"constructor","line":64,"loc":{"start":{"line":64,"column":4},"end":{"line":102,"column":4}}},"2":{"name":"onlyOwner","line":104,"loc":{"start":{"line":104,"column":4},"end":{"line":107,"column":4}}},"3":{"name":"startTime","line":110,"loc":{"start":{"line":110,"column":4},"end":{"line":117,"column":4}}},"4":{"name":"endTime","line":120,"loc":{"start":{"line":120,"column":4},"end":{"line":130,"column":4}}},"5":{"name":"transferToken","line":133,"loc":{"start":{"line":133,"column":4},"end":{"line":147,"column":4}}},"6":{"name":"_sendToken","line":150,"loc":{"start":{"line":150,"column":4},"end":{"line":159,"column":4}}},"7":{"name":"checkCliff","line":162,"loc":{"start":{"line":162,"column":4},"end":{"line":187,"column":4}}},"8":{"name":"_unlockToken","line":190,"loc":{"start":{"line":190,"column":4},"end":{"line":218,"column":4}}},"9":{"name":"transferOwnerShip","line":220,"loc":{"start":{"line":220,"column":4},"end":{"line":225,"column":4}}},"10":{"name":"addAdmins","line":227,"loc":{"start":{"line":227,"column":4},"end":{"line":229,"column":4}}},"11":{"name":"withdrawalToken","line":231,"loc":{"start":{"line":231,"column":4},"end":{"line":233,"column":4}}}},"statementMap":{"1":{"start":{"line":66,"column":8},"end":{"line":66,"column":41}},"2":{"start":{"line":105,"column":8},"end":{"line":105,"column":69}},"3":{"start":{"line":111,"column":8},"end":{"line":111,"column":3399}},"4":{"start":{"line":121,"column":8},"end":{"line":121,"column":48}},"5":{"start":{"line":122,"column":8},"end":{"line":122,"column":50}},"6":{"start":{"line":123,"column":8},"end":{"line":123,"column":56}},"7":{"start":{"line":126,"column":8},"end":{"line":126,"column":74}},"8":{"start":{"line":127,"column":8},"end":{"line":127,"column":72}},"9":{"start":{"line":138,"column":8},"end":{"line":138,"column":27}},"10":{"start":{"line":140,"column":8},"end":{"line":140,"column":4527}},"11":{"start":{"line":146,"column":8},"end":{"line":146,"column":41}},"12":{"start":{"line":157,"column":8},"end":{"line":157,"column":40}},"13":{"start":{"line":158,"column":8},"end":{"line":158,"column":54}},"14":{"start":{"line":163,"column":8},"end":{"line":163,"column":48}},"15":{"start":{"line":164,"column":8},"end":{"line":164,"column":50}},"16":{"start":{"line":165,"column":8},"end":{"line":165,"column":56}},"17":{"start":{"line":166,"column":8},"end":{"line":166,"column":55}},"18":{"start":{"line":167,"column":8},"end":{"line":167,"column":51}},"19":{"start":{"line":168,"column":8},"end":{"line":168,"column":49}},"20":{"start":{"line":171,"column":8},"end":{"line":171,"column":53}},"21":{"start":{"line":172,"column":8},"end":{"line":172,"column":49}},"22":{"start":{"line":175,"column":8},"end":{"line":175,"column":63}},"23":{"start":{"line":176,"column":8},"end":{"line":176,"column":69}},"24":{"start":{"line":179,"column":8},"end":{"line":179,"column":68}},"25":{"start":{"line":180,"column":8},"end":{"line":180,"column":59}},"26":{"start":{"line":183,"column":8},"end":{"line":183,"column":6109}},"27":{"start":{"line":185,"column":12},"end":{"line":185,"column":70}},"28":{"start":{"line":196,"column":8},"end":{"line":196,"column":66}},"29":{"start":{"line":197,"column":8},"end":{"line":197,"column":66}},"30":{"start":{"line":198,"column":8},"end":{"line":198,"column":60}},"31":{"start":{"line":200,"column":8},"end":{"line":200,"column":6781}},"32":{"start":{"line":202,"column":12},"end":{"line":202,"column":68}},"33":{"start":{"line":204,"column":12},"end":{"line":204,"column":63}},"34":{"start":{"line":222,"column":8},"end":{"line":222,"column":40}},"35":{"start":{"line":223,"column":8},"end":{"line":223,"column":42}},"36":{"start":{"line":224,"column":8},"end":{"line":224,"column":53}},"37":{"start":{"line":228,"column":8},"end":{"line":228,"column":39}},"38":{"start":{"line":232,"column":8},"end":{"line":232,"column":45}}},"branchMap":{"1":{"line":105,"type":"if","locations":[{"start":{"line":105,"column":8},"end":{"line":105,"column":8}},{"start":{"line":105,"column":8},"end":{"line":105,"column":8}}]},"2":{"line":110,"type":"if","locations":[{"start":{"line":110,"column":50},"end":{"line":110,"column":50}},{"start":{"line":110,"column":50},"end":{"line":110,"column":50}}]},"3":{"line":111,"type":"if","locations":[{"start":{"line":111,"column":8},"end":{"line":111,"column":8}},{"start":{"line":111,"column":8},"end":{"line":111,"column":8}}]},"4":{"line":120,"type":"if","locations":[{"start":{"line":120,"column":48},"end":{"line":120,"column":48}},{"start":{"line":120,"column":48},"end":{"line":120,"column":48}}]},"5":{"line":127,"type":"if","locations":[{"start":{"line":127,"column":8},"end":{"line":127,"column":8}},{"start":{"line":127,"column":8},"end":{"line":127,"column":8}}]},"6":{"line":140,"type":"if","locations":[{"start":{"line":140,"column":8},"end":{"line":140,"column":8}},{"start":{"line":140,"column":8},"end":{"line":140,"column":8}}]},"7":{"line":171,"type":"if","locations":[{"start":{"line":171,"column":8},"end":{"line":171,"column":8}},{"start":{"line":171,"column":8},"end":{"line":171,"column":8}}]},"8":{"line":172,"type":"if","locations":[{"start":{"line":172,"column":8},"end":{"line":172,"column":8}},{"start":{"line":172,"column":8},"end":{"line":172,"column":8}}]},"9":{"line":176,"type":"if","locations":[{"start":{"line":176,"column":8},"end":{"line":176,"column":8}},{"start":{"line":176,"column":8},"end":{"line":176,"column":8}}]},"10":{"line":183,"type":"if","locations":[{"start":{"line":183,"column":8},"end":{"line":183,"column":8}},{"start":{"line":183,"column":8},"end":{"line":183,"column":8}}]},"11":{"line":200,"type":"if","locations":[{"start":{"line":200,"column":8},"end":{"line":200,"column":8}},{"start":{"line":200,"column":8},"end":{"line":200,"column":8}}]},"12":{"line":202,"type":"if","locations":[{"start":{"line":202,"column":48},"end":{"line":202,"column":48}},{"start":{"line":202,"column":52},"end":{"line":202,"column":67}}]},"13":{"line":220,"type":"if","locations":[{"start":{"line":220,"column":59},"end":{"line":220,"column":59}},{"start":{"line":220,"column":59},"end":{"line":220,"column":59}}]},"14":{"line":227,"type":"if","locations":[{"start":{"line":227,"column":50},"end":{"line":227,"column":50}},{"start":{"line":227,"column":50},"end":{"line":227,"column":50}}]},"15":{"line":231,"type":"if","locations":[{"start":{"line":231,"column":54},"end":{"line":231,"column":54}},{"start":{"line":231,"column":54},"end":{"line":231,"column":54}}]}}},"contracts/TeamAdvisors.sol":{"l":{"65":3,"66":3,"67":3,"70":3,"71":3,"74":3,"80":3,"89":16,"90":14,"95":8,"99":8,"100":8,"105":3,"106":3,"107":3,"110":3,"111":3,"112":2,"113":2,"122":43,"124":37,"130":36,"139":36,"140":36,"141":36,"142":36,"147":43,"148":43,"149":43,"150":43,"151":43,"152":43,"155":43,"156":40,"159":38,"160":38,"163":37,"164":37,"167":37,"169":35,"180":35,"181":35,"182":35,"184":35,"186":34,"188":34,"189":34,"190":34,"192":34,"194":1,"195":1,"196":1,"199":35,"200":35,"201":35,"205":1,"206":1,"207":1,"208":1,"212":1,"216":1},"path":"/var/www/html/My-Learning-Projects/If-else-tokenomics/contracts/TeamAdvisors.sol","s":{"1":3,"2":16,"3":8,"4":3,"5":3,"6":3,"7":3,"8":3,"9":43,"10":37,"11":36,"12":36,"13":36,"14":43,"15":43,"16":43,"17":43,"18":43,"19":43,"20":43,"21":40,"22":38,"23":38,"24":37,"25":37,"26":37,"27":35,"28":35,"29":35,"30":35,"31":35,"32":34,"33":34,"34":1,"35":1,"36":1,"37":1,"38":1},"b":{"1":[14,2],"2":[8,1],"3":[8,0],"4":[3,1],"5":[2,1],"6":[36,1],"7":[40,3],"8":[38,2],"9":[37,1],"10":[35,2],"11":[34,1],"12":[4,30],"13":[1,0],"14":[1,0],"15":[1,0]},"f":{"1":3,"2":16,"3":8,"4":3,"5":43,"6":36,"7":43,"8":35,"9":1,"10":1,"11":1},"fnMap":{"1":{"name":"constructor","line":64,"loc":{"start":{"line":64,"column":4},"end":{"line":86,"column":4}}},"2":{"name":"onlyOwner","line":88,"loc":{"start":{"line":88,"column":4},"end":{"line":91,"column":4}}},"3":{"name":"startTime","line":94,"loc":{"start":{"line":94,"column":4},"end":{"line":101,"column":4}}},"4":{"name":"endTime","line":104,"loc":{"start":{"line":104,"column":4},"end":{"line":114,"column":4}}},"5":{"name":"transferToken","line":117,"loc":{"start":{"line":117,"column":4},"end":{"line":131,"column":4}}},"6":{"name":"_sendToken","line":134,"loc":{"start":{"line":134,"column":4},"end":{"line":143,"column":4}}},"7":{"name":"checkCliff","line":146,"loc":{"start":{"line":146,"column":4},"end":{"line":171,"column":4}}},"8":{"name":"_unlockToken","line":174,"loc":{"start":{"line":174,"column":4},"end":{"line":202,"column":4}}},"9":{"name":"transferOwnerShip","line":204,"loc":{"start":{"line":204,"column":4},"end":{"line":209,"column":4}}},"10":{"name":"addAdmins","line":211,"loc":{"start":{"line":211,"column":4},"end":{"line":213,"column":4}}},"11":{"name":"withdrawalToken","line":215,"loc":{"start":{"line":215,"column":4},"end":{"line":217,"column":4}}}},"statementMap":{"1":{"start":{"line":66,"column":8},"end":{"line":66,"column":41}},"2":{"start":{"line":89,"column":8},"end":{"line":89,"column":69}},"3":{"start":{"line":95,"column":8},"end":{"line":95,"column":3090}},"4":{"start":{"line":105,"column":8},"end":{"line":105,"column":55}},"5":{"start":{"line":106,"column":8},"end":{"line":106,"column":57}},"6":{"start":{"line":107,"column":8},"end":{"line":107,"column":63}},"7":{"start":{"line":110,"column":8},"end":{"line":110,"column":74}},"8":{"start":{"line":111,"column":8},"end":{"line":111,"column":72}},"9":{"start":{"line":122,"column":8},"end":{"line":122,"column":29}},"10":{"start":{"line":124,"column":8},"end":{"line":124,"column":4289}},"11":{"start":{"line":130,"column":8},"end":{"line":130,"column":43}},"12":{"start":{"line":141,"column":8},"end":{"line":141,"column":40}},"13":{"start":{"line":142,"column":8},"end":{"line":142,"column":54}},"14":{"start":{"line":147,"column":8},"end":{"line":147,"column":55}},"15":{"start":{"line":148,"column":8},"end":{"line":148,"column":57}},"16":{"start":{"line":149,"column":8},"end":{"line":149,"column":63}},"17":{"start":{"line":150,"column":8},"end":{"line":150,"column":63}},"18":{"start":{"line":151,"column":8},"end":{"line":151,"column":59}},"19":{"start":{"line":152,"column":8},"end":{"line":152,"column":51}},"20":{"start":{"line":155,"column":8},"end":{"line":155,"column":54}},"21":{"start":{"line":156,"column":8},"end":{"line":156,"column":50}},"22":{"start":{"line":159,"column":8},"end":{"line":159,"column":63}},"23":{"start":{"line":160,"column":8},"end":{"line":160,"column":69}},"24":{"start":{"line":163,"column":8},"end":{"line":163,"column":68}},"25":{"start":{"line":164,"column":8},"end":{"line":164,"column":59}},"26":{"start":{"line":167,"column":8},"end":{"line":167,"column":5915}},"27":{"start":{"line":169,"column":12},"end":{"line":169,"column":72}},"28":{"start":{"line":180,"column":8},"end":{"line":180,"column":68}},"29":{"start":{"line":181,"column":8},"end":{"line":181,"column":68}},"30":{"start":{"line":182,"column":8},"end":{"line":182,"column":62}},"31":{"start":{"line":184,"column":8},"end":{"line":184,"column":6597}},"32":{"start":{"line":186,"column":12},"end":{"line":186,"column":68}},"33":{"start":{"line":188,"column":12},"end":{"line":188,"column":63}},"34":{"start":{"line":206,"column":8},"end":{"line":206,"column":40}},"35":{"start":{"line":207,"column":8},"end":{"line":207,"column":42}},"36":{"start":{"line":208,"column":8},"end":{"line":208,"column":53}},"37":{"start":{"line":212,"column":8},"end":{"line":212,"column":39}},"38":{"start":{"line":216,"column":8},"end":{"line":216,"column":45}}},"branchMap":{"1":{"line":89,"type":"if","locations":[{"start":{"line":89,"column":8},"end":{"line":89,"column":8}},{"start":{"line":89,"column":8},"end":{"line":89,"column":8}}]},"2":{"line":94,"type":"if","locations":[{"start":{"line":94,"column":52},"end":{"line":94,"column":52}},{"start":{"line":94,"column":52},"end":{"line":94,"column":52}}]},"3":{"line":95,"type":"if","locations":[{"start":{"line":95,"column":8},"end":{"line":95,"column":8}},{"start":{"line":95,"column":8},"end":{"line":95,"column":8}}]},"4":{"line":104,"type":"if","locations":[{"start":{"line":104,"column":50},"end":{"line":104,"column":50}},{"start":{"line":104,"column":50},"end":{"line":104,"column":50}}]},"5":{"line":111,"type":"if","locations":[{"start":{"line":111,"column":8},"end":{"line":111,"column":8}},{"start":{"line":111,"column":8},"end":{"line":111,"column":8}}]},"6":{"line":124,"type":"if","locations":[{"start":{"line":124,"column":8},"end":{"line":124,"column":8}},{"start":{"line":124,"column":8},"end":{"line":124,"column":8}}]},"7":{"line":155,"type":"if","locations":[{"start":{"line":155,"column":8},"end":{"line":155,"column":8}},{"start":{"line":155,"column":8},"end":{"line":155,"column":8}}]},"8":{"line":156,"type":"if","locations":[{"start":{"line":156,"column":8},"end":{"line":156,"column":8}},{"start":{"line":156,"column":8},"end":{"line":156,"column":8}}]},"9":{"line":160,"type":"if","locations":[{"start":{"line":160,"column":8},"end":{"line":160,"column":8}},{"start":{"line":160,"column":8},"end":{"line":160,"column":8}}]},"10":{"line":167,"type":"if","locations":[{"start":{"line":167,"column":8},"end":{"line":167,"column":8}},{"start":{"line":167,"column":8},"end":{"line":167,"column":8}}]},"11":{"line":184,"type":"if","locations":[{"start":{"line":184,"column":8},"end":{"line":184,"column":8}},{"start":{"line":184,"column":8},"end":{"line":184,"column":8}}]},"12":{"line":186,"type":"if","locations":[{"start":{"line":186,"column":48},"end":{"line":186,"column":48}},{"start":{"line":186,"column":52},"end":{"line":186,"column":67}}]},"13":{"line":204,"type":"if","locations":[{"start":{"line":204,"column":59},"end":{"line":204,"column":59}},{"start":{"line":204,"column":59},"end":{"line":204,"column":59}}]},"14":{"line":211,"type":"if","locations":[{"start":{"line":211,"column":50},"end":{"line":211,"column":50}},{"start":{"line":211,"column":50},"end":{"line":211,"column":50}}]},"15":{"line":215,"type":"if","locations":[{"start":{"line":215,"column":54},"end":{"line":215,"column":54}},{"start":{"line":215,"column":54},"end":{"line":215,"column":54}}]}}}}